jdevadf/modules/adf-logging-handler/src
jdevadf/modules/adf-share-base/src
jdevadf/modules/adf-share-ca/src
jdevadf/modules/audit/src
jdevadf/modules/balipi/src
jdevadf/modules/ceditor/src
jdevadf/modules/classpath/src
jdevadf/modules/db-api/src
jdevadf/modules/db-api-impl/src
jdevadf/modules/db-ca/src
jdevadf/modules/db-conn/src
jdevadf/modules/db-explorer/src
jdevadf/modules/db-plsql/src
jdevadf/modules/db-probe-debugger/src
jdevadf/modules/db-ui/src
jdevadf/modules/dependency/src
jdevadf/modules/diagram/src
jdevadf/modules/diagram-javadoc/src
jdevadf/modules/diagram-reg/src
jdevadf/modules/diagram-thumbnail/src
jdevadf/modules/diffmerge/src
jdevadf/modules/dvt-jclient/src
jdevadf/modules/dvt-utils/src
jdevadf/modules/external-balishare/src
jdevadf/modules/external-batik/src
jdevadf/modules/external-berkeleydb/src
jdevadf/modules/external-el/src
jdevadf/modules/external-el-for-uix/src
jdevadf/modules/external-jaxb/src
jdevadf/modules/external-jxlayer/src
jdevadf/modules/external-ldap/src
jdevadf/modules/external-miglayout/src
jdevadf/modules/external-ohj/src
jdevadf/modules/external-pcl/src
jdevadf/modules/external-sqlj-rt/src
jdevadf/modules/external-xdb/src
jdevadf/modules/external-xdk/src
jdevadf/modules/external-xmlparser/src
jdevadf/modules/external-xquery/src
jdevadf/modules/externaltools/src
jdevadf/modules/file/src
jdevadf/modules/gallery/src
jdevadf/modules/help/src
jdevadf/modules/history/src
jdevadf/modules/icons/src
jdevadf/modules/ide/src
jdevadf/modules/ide-boot/src
jdevadf/modules/ide-win32/src
jdevadf/modules/ideimpl/src
jdevadf/modules/idert/src
jdevadf/modules/importexport/src
jdevadf/modules/indexing/src
jdevadf/modules/indexing-migrator/src
jdevadf/modules/indexing-migrator-boot/src
jdevadf/modules/inspector/src
jdevadf/modules/java-annotations/src
jdevadf/modules/javacompiler/src
jdevadf/modules/javacore/src
jdevadf/modules/javamodel-rt/src
jdevadf/modules/javatools/src
jdevadf/modules/javatools-jdk/src
jdevadf/modules/javatools-nodeps/src
jdevadf/modules/javaxide/src
jdevadf/modules/jdev-cm/src
jdevadf/modules/jdev-runner/src
jdevadf/modules/jdeveloper/src
jdevadf/modules/jdukshare/src
jdevadf/modules/jewt-core/src
jdevadf/modules/jewt-dbui/src
jdevadf/modules/layout-managers/src
jdevadf/modules/log/src
jdevadf/modules/macosx/src
jdevadf/modules/mof-xmi/src
jdevadf/modules/navigator/src
jdevadf/modules/ojc/src
jdevadf/modules/palette1/src
jdevadf/modules/palette2/src
jdevadf/modules/peek/src
jdevadf/modules/persistence/src
jdevadf/modules/quickdiff/src
jdevadf/modules/replace/src
jdevadf/modules/runner/src
jdevadf/modules/status/src
jdevadf/modules/theme-fusionblue/src
jdevadf/modules/uic/src
jdevadf/modules/uidebug/src
jdevadf/modules/vcs/src
jdevadf/modules/vcs-subversion/src
jdevadf/modules/vfs/src
jdevadf/modules/vhv/src
jdevadf/modules/webbrowser/src
jdevadf/modules/webupdate/src
jdevadf/modules/xmlef/src
jdevadf/modules/xmlef-core/src
jdevadf/modules/xmlef-ide/src
jdevadf/modules/xmlef-swing/src
